51.0 APEX_CODE,FINEST;APEX_PROFILING,INFO;CALLOUT,INFO;DB,INFO;NBA,INFO;SYSTEM,DEBUG;VALIDATION,INFO;VISUALFORCE,FINER;WAVE,INFO;WORKFLOW,INFO
00:30:22.0 (275400)|USER_INFO|[EXTERNAL]|005B0000006aOCz|sfdcpanther-2zpe@force.com|(GMT-08:00) Pacific Standard Time (America/Los_Angeles)|GMT-08:00
00:30:22.0 (376914)|EXECUTION_STARTED
00:30:22.0 (390673)|CODE_UNIT_STARTED|[EXTERNAL]|apex://customerServices/ACTION$getCustomerFields
00:30:22.0 (1434435)|CODE_UNIT_STARTED|[EXTERNAL]|01pB0000004EpiO|customerServices.getCustomerFields(String)
00:30:22.0 (1690259)|HEAP_ALLOCATE|[79]|Bytes:3
00:30:22.0 (1747944)|HEAP_ALLOCATE|[84]|Bytes:152
00:30:22.0 (1768937)|HEAP_ALLOCATE|[399]|Bytes:408
00:30:22.0 (1803142)|HEAP_ALLOCATE|[412]|Bytes:408
00:30:22.0 (1826241)|HEAP_ALLOCATE|[520]|Bytes:48
00:30:22.0 (1864081)|HEAP_ALLOCATE|[139]|Bytes:6
00:30:22.0 (1896843)|HEAP_ALLOCATE|[EXTERNAL]|Bytes:8
00:30:22.0 (1908241)|HEAP_ALLOCATE|[EXTERNAL]|Bytes:1
00:30:22.0 (1938583)|METHOD_ENTRY|[1]|01pB0000004EpiO|customerServices.customerServices()
00:30:22.0 (1953305)|STATEMENT_EXECUTE|[1]
00:30:22.0 (1961477)|STATEMENT_EXECUTE|[1]
00:30:22.0 (1964412)|STATEMENT_EXECUTE|[28]
00:30:22.0 (1975246)|METHOD_EXIT|[1]|customerServices
00:30:22.0 (1985762)|HEAP_ALLOCATE|[EXTERNAL]|Bytes:4
00:30:22.0 (2065970)|VARIABLE_SCOPE_BEGIN|[3]|objectType|String|false|false
00:30:22.0 (2138069)|VARIABLE_ASSIGNMENT|[3]|objectType|"Lead"
00:30:22.0 (2155668)|STATEMENT_EXECUTE|[3]
00:30:22.0 (2159212)|STATEMENT_EXECUTE|[4]
00:30:22.0 (2166584)|VARIABLE_SCOPE_BEGIN|[4]|customer|customerServices.Customer|true|false
00:30:22.0 (2199448)|VARIABLE_ASSIGNMENT|[4]|customer|null|
00:30:22.0 (2213092)|HEAP_ALLOCATE|[5]|Bytes:249
00:30:22.0 (2237436)|HEAP_ALLOCATE|[5]|Bytes:4
00:30:22.0 (2255302)|HEAP_ALLOCATE|[5]|Bytes:7
00:30:22.0 (2308967)|HEAP_ALLOCATE|[52]|Bytes:5
00:30:22.0 (2338042)|HEAP_ALLOCATE|[58]|Bytes:5
00:30:22.0 (2353619)|HEAP_ALLOCATE|[66]|Bytes:7
00:30:22.0 (3997748)|SOQL_EXECUTE_BEGIN|[5]|Aggregations:0|SELECT Customer_Name__r.QualifiedAPIName, Customer_Email__r.QualifiedAPIName, Customer_City__c, Customer_State__c, Customer_Status__r.QualifiedAPIName FROM Customer_Fields__mdt WHERE Sobject_Type__r.QualifiedAPIName = :tmpVar1 WITH SECURITY_ENFORCED
00:30:22.0 (74390652)|HEAP_ALLOCATE|[EXTERNAL]|Bytes:4
00:30:22.0 (75523463)|HEAP_ALLOCATE|[EXTERNAL]|Bytes:4
00:30:22.0 (75662214)|HEAP_ALLOCATE|[EXTERNAL]|Bytes:4
00:30:22.0 (75761315)|HEAP_ALLOCATE|[EXTERNAL]|Bytes:4
00:30:22.0 (75851087)|HEAP_ALLOCATE|[EXTERNAL]|Bytes:4
00:30:22.0 (75941263)|HEAP_ALLOCATE|[EXTERNAL]|Bytes:4
00:30:22.0 (76107582)|HEAP_ALLOCATE|[EXTERNAL]|Bytes:4
00:30:22.0 (80226084)|HEAP_ALLOCATE|[EXTERNAL]|Bytes:4
00:30:22.0 (796413372)|SOQL_EXECUTE_END|[5]|Rows:1
00:30:22.0 (796469502)|HEAP_ALLOCATE|[EXTERNAL]|Bytes:8
00:30:22.0 (796722142)|HEAP_ALLOCATE|[5]|Bytes:54
00:30:22.0 (796737858)|HEAP_ALLOCATE|[5]|Bytes:8
00:30:22.0 (796766966)|SYSTEM_METHOD_ENTRY|[7]|QueryLocatorIterator.QueryLocatorIterator()
00:30:22.0 (796783432)|STATEMENT_EXECUTE|[7]
00:30:22.0 (796800399)|SYSTEM_METHOD_EXIT|[7]|QueryLocatorIterator
00:30:22.0 (796814173)|HEAP_ALLOCATE|[5]|Bytes:28
00:30:22.0 (796916225)|HEAP_ALLOCATE|[5]|Bytes:8
00:30:22.0 (796937910)|HEAP_ALLOCATE|[5]|Bytes:8
00:30:22.0 (796943254)|HEAP_ALLOCATE|[5]|Bytes:8
00:30:22.0 (796957010)|VARIABLE_SCOPE_BEGIN|[15]|this|Database.QueryLocatorIterator|true|false
00:30:22.0 (797048408)|VARIABLE_ASSIGNMENT|[15]|this|{}|0x7e5e3377
00:30:22.0 (797063194)|VARIABLE_SCOPE_BEGIN|[15]|values|List<SObject>|true|false
00:30:22.0 (797122929)|VARIABLE_ASSIGNMENT|[15]|values|[{"Customer_Name__c":"Lead.Name","Customer_Email__c":"Lead.Email","Customer_City__c":"City","Customer_State__c":"State","Customer_Status__c":"Lead.Status","Sobject_Type__c":"Lead","Id":"m01B00000006foxIAA","Customer_Name__r":{"QualifiedApiName":"Name","Id":"000000000000000AAA","DurableId":"Lead.Name"},"Customer_Email__r":{"QualifiedApiName":"Email","Id":"000000000000000AAA","DurableId":"Lead.Email"},"Customer_Status__r":{"QualifiedApiName":"Status","Id":"000000000000000AAA","DurableId":"Lead.Status"}}]|0x7f82b35a
00:30:22.0 (797138994)|VARIABLE_SCOPE_BEGIN|[15]|ql|Database.QueryLocator|true|false
00:30:22.0 (797301968)|VARIABLE_ASSIGNMENT|[15]|ql|{"query":"SELECT Customer_Name (229 more) ..."}|0x46ab6d42
00:30:22.0 (797316181)|VARIABLE_SCOPE_BEGIN|[15]|totalNumRecords|Integer|false|false
00:30:22.0 (797332522)|VARIABLE_ASSIGNMENT|[15]|totalNumRecords|1
00:30:22.0 (797342143)|VARIABLE_SCOPE_BEGIN|[15]|queryMoreSize|Integer|false|false
00:30:22.0 (797355172)|VARIABLE_ASSIGNMENT|[15]|queryMoreSize|49999
00:30:22.0 (799176531)|HEAP_ALLOCATE|[5]|Bytes:28
00:30:22.0 (799229707)|METHOD_ENTRY|[5]||Database.QueryLocatorIterator.hasNext()
00:30:22.0 (799361938)|METHOD_EXIT|[5]||Database.QueryLocatorIterator.hasNext()
00:30:22.0 (799379221)|METHOD_ENTRY|[5]||Database.QueryLocatorIterator.next()
00:30:22.0 (799505093)|METHOD_EXIT|[5]||Database.QueryLocatorIterator.next()
00:30:22.0 (799520362)|VARIABLE_SCOPE_BEGIN|[5]|c|Customer_Fields__mdt|true|false
00:30:22.0 (799592835)|VARIABLE_ASSIGNMENT|[5]|c|{"Customer_Name__c":"Lead.Name","Customer_Email__c":"Lead.Email","Customer_City__c":"City","Customer_State__c":"State","Customer_Status__c":"Lead.Status","Sobject_Type__c":"Lead","Id":"m01B00000006foxIAA","Customer_Name__r":{"QualifiedApiName":"Name","Id":"000000000000000AAA","DurableId":"Lead.Name"},"Customer_Email__r":{"QualifiedApiName":"Email","Id":"000000000000000AAA","DurableId":"Lead.Email"},"Customer_Status__r":{"QualifiedApiName":"Status","Id":"000000000000000AAA","DurableId":"Lead.Status"}}|0x7cc111f0
00:30:22.0 (799610424)|STATEMENT_EXECUTE|[15]
00:30:22.0 (799614263)|STATEMENT_EXECUTE|[16]
00:30:22.0 (799632722)|HEAP_ALLOCATE|[16]|Bytes:172
00:30:22.0 (799643149)|HEAP_ALLOCATE|[16]|Bytes:20
00:30:22.0 (799654189)|HEAP_ALLOCATE|[16]|Bytes:28
00:30:22.0 (799897076)|CONSTRUCTOR_ENTRY|[16]|01pB0000004EpiO|<init>(String,String,String,String,String,String)|customerServices.Customer
00:30:22.0 (799945955)|VARIABLE_SCOPE_BEGIN|[49]|this|customerServices.Customer|true|false
00:30:22.0 (800007400)|VARIABLE_ASSIGNMENT|[49]|this|{}|0x16b36551
00:30:22.0 (800019286)|VARIABLE_SCOPE_BEGIN|[49]|name|String|false|false
00:30:22.0 (800036948)|VARIABLE_ASSIGNMENT|[49]|name|"Name"
00:30:22.0 (800044466)|VARIABLE_SCOPE_BEGIN|[49]|email|String|false|false
00:30:22.0 (800058696)|VARIABLE_ASSIGNMENT|[49]|email|"Email"
00:30:22.0 (800066260)|VARIABLE_SCOPE_BEGIN|[49]|city|String|false|false
00:30:22.0 (800078200)|VARIABLE_ASSIGNMENT|[49]|city|"City"
00:30:22.0 (800085933)|VARIABLE_SCOPE_BEGIN|[49]|state|String|false|false
00:30:22.0 (800100343)|VARIABLE_ASSIGNMENT|[49]|state|"State"
00:30:22.0 (800107005)|VARIABLE_SCOPE_BEGIN|[49]|status|String|false|false
00:30:22.0 (800119407)|VARIABLE_ASSIGNMENT|[49]|status|""
00:30:22.0 (800126401)|VARIABLE_SCOPE_BEGIN|[49]|custId|String|false|false
00:30:22.0 (800139278)|VARIABLE_ASSIGNMENT|[49]|custId|""
00:30:22.0 (800147663)|STATEMENT_EXECUTE|[28]
00:30:22.0 (800150521)|STATEMENT_EXECUTE|[31]
00:30:22.0 (800152686)|STATEMENT_EXECUTE|[34]
00:30:22.0 (800156115)|STATEMENT_EXECUTE|[37]
00:30:22.0 (800158355)|STATEMENT_EXECUTE|[40]
00:30:22.0 (800160276)|STATEMENT_EXECUTE|[43]
00:30:22.0 (800162247)|STATEMENT_EXECUTE|[46]
00:30:22.0 (800194023)|STATEMENT_EXECUTE|[56]
00:30:22.0 (800196805)|STATEMENT_EXECUTE|[57]
00:30:22.0 (800254559)|VARIABLE_ASSIGNMENT|[EXTERNAL]|this|{}|0x16b36551
00:30:22.0 (800272770)|VARIABLE_ASSIGNMENT|[EXTERNAL]|value|"Name"
00:30:22.0 (800289848)|VARIABLE_ASSIGNMENT|[34]|this.name|"Name"|0x16b36551
00:30:22.0 (800357874)|STATEMENT_EXECUTE|[59]
00:30:22.0 (800404538)|VARIABLE_ASSIGNMENT|[EXTERNAL]|this|{"name":"Name"}|0x16b36551
00:30:22.0 (800422468)|VARIABLE_ASSIGNMENT|[EXTERNAL]|value|"Email"
00:30:22.0 (800439017)|VARIABLE_ASSIGNMENT|[31]|this.email|"Email"|0x16b36551
00:30:22.0 (800482017)|STATEMENT_EXECUTE|[61]
00:30:22.0 (800525046)|VARIABLE_ASSIGNMENT|[EXTERNAL]|this|{"email":"Email","name":"Name"}|0x16b36551
00:30:22.0 (800542210)|VARIABLE_ASSIGNMENT|[EXTERNAL]|value|"City"
00:30:22.0 (800561447)|VARIABLE_ASSIGNMENT|[37]|this.city|"City"|0x16b36551
00:30:22.0 (800602401)|STATEMENT_EXECUTE|[63]
00:30:22.0 (800644521)|VARIABLE_ASSIGNMENT|[EXTERNAL]|this|{"city":"City","email":"Email","name":"Name"}|0x16b36551
00:30:22.0 (800661187)|VARIABLE_ASSIGNMENT|[EXTERNAL]|value|"State"
00:30:22.0 (800675601)|VARIABLE_ASSIGNMENT|[40]|this.state|"State"|0x16b36551
00:30:22.0 (800713644)|STATEMENT_EXECUTE|[64]
00:30:22.0 (800734392)|STATEMENT_EXECUTE|[66]
00:30:22.0 (800751851)|CONSTRUCTOR_EXIT|[16]|01pB0000004EpiO|<init>(String,String,String,String,String,String)|customerServices.Customer
00:30:22.0 (800801407)|VARIABLE_ASSIGNMENT|[16]|customer|{"city":"City","email":"Email","name":"Name","state":"State"}|0x16b36551
00:30:22.0 (800817424)|METHOD_ENTRY|[5]||Database.QueryLocatorIterator.hasNext()
00:30:22.0 (800839658)|METHOD_EXIT|[5]||Database.QueryLocatorIterator.hasNext()
00:30:22.0 (800855706)|VARIABLE_ASSIGNMENT|[5]|c|null|
00:30:22.0 (800885844)|STATEMENT_EXECUTE|[25]
00:30:22.800 (800940507)|CUMULATIVE_LIMIT_USAGE
00:30:22.800 (800940507)|LIMIT_USAGE_FOR_NS|(default)|
  Number of SOQL queries: 0 out of 100
  Number of query rows: 1 out of 50000
  Number of SOSL queries: 0 out of 20
  Number of DML statements: 0 out of 0
  Number of Publish Immediate DML: 0 out of 150
  Number of DML rows: 0 out of 10000
  Maximum CPU time: 0 out of 10000
  Maximum heap size: 0 out of 6000000
  Number of callouts: 0 out of 100
  Number of Email Invocations: 0 out of 10
  Number of future calls: 0 out of 50
  Number of queueable jobs added to the queue: 0 out of 50
  Number of Mobile Apex push calls: 0 out of 10

00:30:22.800 (800940507)|CUMULATIVE_LIMIT_USAGE_END

00:30:22.0 (801022498)|CODE_UNIT_FINISHED|customerServices.getCustomerFields(String)
00:30:22.0 (801209061)|CODE_UNIT_FINISHED|apex://customerServices/ACTION$getCustomerFields
00:30:22.0 (801221219)|EXECUTION_FINISHED
